2025-01-07 10:06:01,906 - Daily open price for BTCUSDT at 00:00 UTC: 102161.41
2025-01-07 10:06:02,887 - Daily open price for ETHUSDT at 00:00 UTC: 3683.41
2025-01-07 10:06:07,180 - Error executing trade for BTCUSDT: APIError(code=-1111): Parameter 'quantity' has too much precision.
2025-01-07 10:06:07,181 - Signal generated for BTCUSDT: BUY at price 101908.57
2025-01-07 10:06:08,674 - Error executing trade for ETHUSDT: APIError(code=-1111): Parameter 'quantity' has too much precision.
2025-01-07 10:06:08,675 - Signal generated for ETHUSDT: BUY at price 3675.82
2025-01-07 10:07:12,138 - Error executing trade for BTCUSDT: APIError(code=-1111): Parameter 'quantity' has too much precision.
2025-01-07 10:07:12,139 - Signal generated for BTCUSDT: BUY at price 101874.73
2025-01-07 10:07:15,093 - Error executing trade for ETHUSDT: APIError(code=-1111): Parameter 'quantity' has too much precision.
2025-01-07 10:07:15,093 - Signal generated for ETHUSDT: BUY at price 3674.44
2025-01-07 10:11:42,969 - Daily open price for BTCUSDT at 00:00 UTC: 102235.6
2025-01-07 10:11:43,472 - Daily open price for ETHUSDT at 00:00 UTC: 3687.44
2025-01-07 10:11:43,729 - Error fetching balance: APIError(code=-2014): API-key format invalid.
2025-01-07 10:19:01,571 - Error testing connection: APIError(code=-1104): Not all sent parameters were read; read '1' parameter(s) but was sent '2'.
2025-01-07 10:22:22,646 - Daily open price for BTCUSDT at 00:00 UTC: 102161.41
2025-01-07 10:22:24,069 - Daily open price for ETHUSDT at 00:00 UTC: 3683.41
2025-01-07 10:22:24,825 - Balance Report:
2025-01-07 10:22:24,825 - ETH: 1.0
2025-01-07 10:22:24,825 - BTC: 1.0
2025-01-07 10:22:24,825 - LTC: 7.0
2025-01-07 10:22:24,825 - BNB: 1.0
2025-01-07 10:22:24,825 - USDT: 10000.0
2025-01-07 10:22:24,825 - TRX: 3090.0
2025-01-07 10:22:24,825 - XRP: 983.0
2025-01-07 10:22:24,825 - NEO: 55.0
2025-01-07 10:22:24,825 - QTUM: 231.0
2025-01-07 10:22:24,825 - EOS: 1190.0
2025-01-07 10:22:24,825 - SNT: 18446.0
2025-01-07 10:22:24,825 - BNT: 1053.0
2025-01-07 10:22:24,825 - GAS: 141.0
2025-01-07 10:22:24,825 - LRC: 4459.0
2025-01-07 10:22:24,825 - ZRX: 1756.0
2025-01-07 10:22:24,825 - KNC: 1234.0
2025-01-07 10:22:24,825 - IOTA: 4694.0
2025-01-07 10:22:24,826 - LINK: 47.0
2025-01-07 10:22:24,826 - XVG: 18446.0
2025-01-07 10:22:24,826 - MTL: 586.0
2025-01-07 10:22:24,826 - ETC: 27.0
2025-01-07 10:22:24,826 - ZEC: 13.0
2025-01-07 10:22:24,826 - DASH: 23.0
2025-01-07 10:22:24,826 - OAX: 3085.0
2025-01-07 10:22:24,826 - REQ: 5827.0
2025-01-07 10:22:24,826 - VIB: 7411.0
2025-01-07 10:22:24,826 - POWR: 2678.0
2025-01-07 10:22:24,826 - ENJ: 3841.0
2025-01-07 10:22:24,826 - STORJ: 1191.0
2025-01-07 10:22:24,826 - KMD: 2354.0
2025-01-07 10:22:24,826 - NULS: 1835.0
2025-01-07 10:22:24,826 - BAT: 3230.0
2025-01-07 10:22:24,826 - LSK: 672.0
2025-01-07 10:22:24,826 - MANA: 1861.0
2025-01-07 10:22:24,826 - ADX: 3179.0
2025-01-07 10:22:24,826 - ADA: 1507.0
2025-01-07 10:22:24,826 - XLM: 5414.0
2025-01-07 10:22:24,826 - ICX: 4156.0
2025-01-07 10:22:24,826 - ELF: 1526.0
2025-01-07 10:22:24,826 - RLC: 338.0
2025-01-07 10:22:24,826 - PIVX: 2829.0
2025-01-07 10:22:24,827 - STEEM: 3237.0
2025-01-07 10:22:24,827 - BLZ: 5570.0
2025-01-07 10:22:24,827 - ZIL: 18446.0
2025-01-07 10:22:24,827 - ONT: 3079.0
2025-01-07 10:22:24,827 - WAN: 3179.0
2025-01-07 10:22:24,827 - SYS: 5821.0
2025-01-07 10:22:24,827 - TUSD: 10000.0
2025-01-07 10:22:24,827 - ZEN: 70.0
2025-01-07 10:22:24,827 - THETA: 468.0
2025-01-07 10:22:24,827 - IOTX: 13731.0
2025-01-07 10:22:24,827 - QKC: 18446.0
2025-01-07 10:22:24,827 - DATA: 15451.0
2025-01-07 10:22:24,827 - SC: 18446.0
2025-01-07 10:22:24,827 - DENT: 18446.0
2025-01-07 10:22:24,827 - ARDR: 6454.0
2025-01-07 10:22:24,827 - HOT: 18446.0
2025-01-07 10:22:24,827 - VET: 18446.0
2025-01-07 10:22:24,827 - RVN: 18446.0
2025-01-07 10:22:24,827 - DCR: 44.0
2025-01-07 10:22:24,827 - REN: 15840.0
2025-01-07 10:22:24,827 - USDC: 10000.0
2025-01-07 10:22:24,827 - ONG: 1869.0
2025-01-07 10:22:24,827 - FET: 420.0
2025-01-07 10:22:24,827 - IOST: 18446.0
2025-01-07 10:22:24,828 - CELR: 18446.0
2025-01-07 10:22:24,828 - ATOM: 123.0
2025-01-07 10:22:24,828 - PHB: 321.0
2025-01-07 10:22:24,828 - TFUEL: 9960.0
2025-01-07 10:22:24,828 - ONE: 18446.0
2025-01-07 10:22:24,828 - FTM: 869.0
2025-01-07 10:22:24,828 - ALGO: 4418.0
2025-01-07 10:22:24,828 - DOGE: 2935.0
2025-01-07 10:22:24,828 - DUSK: 3043.0
2025-01-07 10:22:24,828 - ANKR: 18446.0
2025-01-07 10:22:24,828 - WIN: 18446.0
2025-01-07 10:22:24,828 - COS: 18446.0
2025-01-07 10:22:24,828 - KEY: 18446.0
2025-01-07 10:22:24,828 - FUN: 18446.0
2025-01-07 10:22:24,828 - CVC: 4294.0
2025-01-07 10:22:24,828 - CHZ: 8960.0
2025-01-07 10:22:24,828 - BAND: 498.0
2025-01-07 10:22:24,828 - XTZ: 830.0
2025-01-07 10:22:24,828 - HBAR: 11236.0
2025-01-07 10:22:24,828 - NKN: 8056.0
2025-01-07 10:22:24,828 - STX: 329.0
2025-01-07 10:22:24,828 - KAVA: 1643.0
2025-01-07 10:22:24,828 - ARPA: 12243.0
2025-01-07 10:22:24,829 - CTXC: 2642.0
2025-01-07 10:22:24,829 - BCH: 1.0
2025-01-07 10:22:24,829 - TROY: 18446.0
2025-01-07 10:22:24,829 - VITE: 18446.0
2025-01-07 10:22:24,829 - FTT: 308.0
2025-01-07 10:22:24,829 - TRY: 18466.0
2025-01-07 10:22:24,829 - EUR: 459.0
2025-01-07 10:22:24,829 - OGN: 6209.0
2025-01-07 10:22:24,829 - WRX: 4596.0
2025-01-07 10:22:24,829 - LTO: 4290.0
2025-01-07 10:22:24,829 - MBL: 18446.0
2025-01-07 10:22:24,829 - COTI: 5971.0
2025-01-07 10:22:24,829 - STPT: 12813.0
2025-01-07 10:22:24,829 - ZAR: 18466.0
2025-01-07 10:22:24,829 - SOL: 3.0
2025-01-07 10:22:24,829 - IDRT: 18466.0
2025-01-07 10:22:24,829 - CTSI: 4367.0
2025-01-07 10:22:24,829 - HIVE: 2936.0
2025-01-07 10:22:24,829 - CHR: 3307.0
2025-01-07 10:22:24,829 - MDT: 12739.0
2025-01-07 10:22:24,829 - STMX: 18446.0
2025-01-07 10:22:24,829 - UAH: 18466.0
2025-01-07 10:22:24,829 - COMP: 12.0
2025-01-07 10:22:24,829 - SXP: 2068.0
2025-01-07 10:22:24,830 - SNX: 391.0
2025-01-07 10:22:24,830 - VTHO: 18446.0
2025-01-07 10:22:24,830 - DGB: 18446.0
2025-01-07 10:22:24,830 - IRIS: 18446.0
2025-01-07 10:22:24,830 - MKR: 1.0
2025-01-07 10:22:24,830 - RUNE: 109.0
2025-01-07 10:22:24,830 - FIO: 18446.0
2025-01-07 10:22:24,830 - AVA: 1175.0
2025-01-07 10:22:24,830 - YFI: 1.0
2025-01-07 10:22:24,830 - BAL: 288.0
2025-01-07 10:22:24,830 - DAI: 10000.0
2025-01-07 10:22:24,830 - JST: 18095.0
2025-01-07 10:22:24,830 - CRV: 2154.0
2025-01-07 10:22:24,830 - SAND: 2153.0
2025-01-07 10:22:24,830 - NMR: 36.0
2025-01-07 10:22:24,830 - DOT: 129.0
2025-01-07 10:22:24,830 - LUNA: 1623.0
2025-01-07 10:22:24,830 - IDEX: 15589.0
2025-01-07 10:22:24,830 - RSR: 18446.0
2025-01-07 10:22:24,830 - PAXG: 1.0
2025-01-07 10:22:24,830 - TRB: 9.0
2025-01-07 10:22:24,830 - WBTC: 1.0
2025-01-07 10:22:24,830 - SUSHI: 811.0
2025-01-07 10:22:24,830 - KSM: 32.0
2025-01-07 10:22:24,831 - EGLD: 21.0
2025-01-07 10:22:24,831 - DIA: 624.0
2025-01-07 10:22:24,831 - UMA: 238.0
2025-01-07 10:22:24,831 - BEL: 1047.0
2025-01-07 10:22:24,831 - WING: 97.0
2025-01-07 10:22:24,831 - UNI: 70.0
2025-01-07 10:22:24,831 - OXT: 8347.0
2025-01-07 10:22:24,831 - SUN: 18446.0
2025-01-07 10:22:24,831 - AVAX: 21.0
2025-01-07 10:22:24,831 - FLM: 9961.0
2025-01-07 10:22:24,831 - SCRT: 2926.0
2025-01-07 10:22:24,831 - CAKE: 311.0
2025-01-07 10:22:24,831 - UTK: 16173.0
2025-01-07 10:22:24,831 - XVS: 79.0
2025-01-07 10:22:24,831 - ALPHA: 7814.0
2025-01-07 10:22:24,831 - VIDT: 18446.0
2025-01-07 10:22:24,831 - BRL: 97.0
2025-01-07 10:22:24,831 - AAVE: 3.0
2025-01-07 10:22:24,831 - NEAR: 133.0
2025-01-07 10:22:24,831 - FIL: 149.0
2025-01-07 10:22:24,831 - INJ: 29.0
2025-01-07 10:22:24,831 - AUDIO: 4413.0
2025-01-07 10:22:24,831 - CTK: 817.0
2025-01-07 10:22:24,831 - AKRO: 18446.0
2025-01-07 10:22:24,831 - AXS: 114.0
2025-01-07 10:22:24,832 - HARD: 3573.0
2025-01-07 10:22:24,832 - SLP: 18446.0
2025-01-07 10:22:24,832 - STRAX: 11808.0
2025-01-07 10:22:24,832 - UNFI: 353.0
2025-01-07 10:22:24,832 - ROSE: 8298.0
2025-01-07 10:22:24,832 - SKL: 15717.0
2025-01-07 10:22:24,832 - GLM: 1787.0
2025-01-07 10:22:24,832 - GRT: 3676.0
2025-01-07 10:22:24,832 - JUV: 310.0
2025-01-07 10:22:24,832 - PSG: 177.0
2025-01-07 10:22:24,832 - 1INCH: 2150.0
2025-01-07 10:22:24,832 - OG: 89.0
2025-01-07 10:22:24,832 - ATM: 257.0
2025-01-07 10:22:24,832 - ASR: 256.0
2025-01-07 10:22:24,832 - CELO: 890.0
2025-01-07 10:22:24,832 - RIF: 6087.0
2025-01-07 10:22:24,832 - TRU: 7605.0
2025-01-07 10:22:24,832 - CKB: 18446.0
2025-01-07 10:22:24,832 - TWT: 536.0
2025-01-07 10:22:24,832 - FIRO: 453.0
2025-01-07 10:22:24,832 - LIT: 888.0
2025-01-07 10:22:24,832 - SFP: 798.0
2025-01-07 10:22:24,832 - FXS: 302.0
2025-01-07 10:22:24,833 - DODO: 4927.0
2025-01-07 10:22:24,833 - ACM: 345.0
2025-01-07 10:22:24,833 - AUCTION: 43.0
2025-01-07 10:22:24,833 - PHA: 5077.0
2025-01-07 10:22:24,833 - BADGER: 189.0
2025-01-07 10:22:24,833 - FIS: 1643.0
2025-01-07 10:22:24,833 - OM: 387.0
2025-01-07 10:22:24,833 - POND: 18446.0
2025-01-07 10:22:24,833 - DEGO: 288.0
2025-01-07 10:22:24,833 - ALICE: 536.0
2025-01-07 10:22:24,833 - LINA: 18446.0
2025-01-07 10:22:24,833 - PERP: 864.0
2025-01-07 10:22:24,833 - SUPER: 432.0
2025-01-07 10:22:24,833 - CFX: 3768.0
2025-01-07 10:22:24,833 - TKO: 1633.0
2025-01-07 10:22:24,833 - PUNDIX: 1428.0
2025-01-07 10:22:24,833 - TLM: 18446.0
2025-01-07 10:22:24,833 - BAR: 240.0
2025-01-07 10:22:24,833 - FORTH: 180.0
2025-01-07 10:22:24,833 - BAKE: 2310.0
2025-01-07 10:22:24,833 - BURGER: 1378.0
2025-01-07 10:22:24,833 - SHIB: 18446.0
2025-01-07 10:22:24,833 - ICP: 69.0
2025-01-07 10:22:24,833 - AR: 36.0
2025-01-07 10:22:24,833 - MASK: 176.0
2025-01-07 10:22:24,834 - LPT: 53.0
2025-01-07 10:22:24,834 - ATA: 6684.0
2025-01-07 10:22:24,834 - GTC: 877.0
2025-01-07 10:22:24,834 - ERN: 255.0
2025-01-07 10:22:24,834 - MLN: 33.0
2025-01-07 10:22:24,834 - DEXE: 66.0
2025-01-07 10:22:24,834 - C98: 4571.0
2025-01-07 10:22:24,834 - CLV: 18446.0
2025-01-07 10:22:24,834 - QNT: 8.0
2025-01-07 10:22:24,834 - FLOW: 1022.0
2025-01-07 10:22:24,834 - MINA: 1068.0
2025-01-07 10:22:24,834 - RAY: 148.0
2025-01-07 10:22:24,834 - FARM: 13.0
2025-01-07 10:22:24,834 - ALPACA: 4023.0
2025-01-07 10:22:24,834 - QUICK: 15308.0
2025-01-07 10:22:24,834 - MBOX: 3608.0
2025-01-07 10:22:24,834 - GHST: 569.0
2025-01-07 10:22:24,834 - WAXP: 17168.0
2025-01-07 10:22:24,834 - GNO: 2.0
2025-01-07 10:22:24,834 - XEC: 18446.0
2025-01-07 10:22:24,834 - DYDX: 549.0
2025-01-07 10:22:24,834 - USDP: 499.0
2025-01-07 10:22:24,834 - GALA: 18446.0
2025-01-07 10:22:24,834 - ILV: 15.0
2025-01-07 10:22:24,835 - YGG: 1226.0
2025-01-07 10:22:24,835 - DF: 17465.0
2025-01-07 10:22:24,835 - FIDA: 2445.0
2025-01-07 10:22:24,835 - AGLD: 390.0
2025-01-07 10:22:24,835 - RAD: 457.0
2025-01-07 10:22:24,835 - BETA: 11523.0
2025-01-07 10:22:24,835 - RARE: 4759.0
2025-01-07 10:22:24,835 - SSV: 30.0
2025-01-07 10:22:24,835 - LAZIO: 275.0
2025-01-07 10:22:24,835 - CHESS: 3698.0
2025-01-07 10:22:24,835 - DAR: 3740.0
2025-01-07 10:22:24,835 - BNX: 1013.0
2025-01-07 10:22:24,835 - MOVR: 59.0
2025-01-07 10:22:24,835 - CITY: 242.0
2025-01-07 10:22:24,835 - ENS: 32.0
2025-01-07 10:22:24,835 - KP3R: 24.0
2025-01-07 10:22:24,835 - QI: 18446.0
2025-01-07 10:22:24,835 - PORTO: 241.0
2025-01-07 10:22:24,835 - JASMY: 18446.0
2025-01-07 10:22:24,835 - AMP: 18446.0
2025-01-07 10:22:24,835 - PYR: 222.0
2025-01-07 10:22:24,835 - ALCX: 37.0
2025-01-07 10:22:24,835 - SANTOS: 107.0
2025-01-07 10:22:24,835 - BICO: 2334.0
2025-01-07 10:22:24,835 - FLUX: 1031.0
2025-01-07 10:22:24,835 - VOXEL: 3645.0
2025-01-07 10:22:24,836 - HIGH: 446.0
2025-01-07 10:22:24,836 - CVX: 331.0
2025-01-07 10:22:24,836 - PEOPLE: 8025.0
2025-01-07 10:22:24,836 - OOKI: 18446.0
2025-01-07 10:22:24,836 - SPELL: 18446.0
2025-01-07 10:22:24,836 - JOE: 1733.0
2025-01-07 10:22:24,836 - ACH: 18446.0
2025-01-07 10:22:24,836 - IMX: 463.0
2025-01-07 10:22:24,836 - GLMR: 3306.0
2025-01-07 10:22:24,836 - LOKA: 3135.0
2025-01-07 10:22:24,836 - API3: 355.0
2025-01-07 10:22:24,836 - BTTC: 18446.0
2025-01-07 10:22:24,836 - ACA: 9664.0
2025-01-07 10:22:24,836 - XNO: 641.0
2025-01-07 10:22:24,836 - WOO: 3088.0
2025-01-07 10:22:24,836 - ALPINE: 329.0
2025-01-07 10:22:24,836 - T: 18446.0
2025-01-07 10:22:24,836 - ASTR: 9784.0
2025-01-07 10:22:24,836 - GMT: 4129.0
2025-01-07 10:22:24,836 - KDA: 1034.0
2025-01-07 10:22:24,836 - APE: 517.0
2025-01-07 10:22:24,836 - BSW: 9904.0
2025-01-07 10:22:24,836 - BIFI: 1.0
2025-01-07 10:22:24,836 - NEXO: 516.0
2025-01-07 10:22:24,836 - REI: 10198.0
2025-01-07 10:22:24,836 - LDO: 517.0
2025-01-07 10:22:24,836 - OP: 357.0
2025-01-07 10:22:24,836 - LEVER: 18446.0
2025-01-07 10:22:24,836 - STG: 1993.0
2025-01-07 10:22:24,837 - LUNC: 18446.0
2025-01-07 10:22:24,837 - GMX: 24.0
2025-01-07 10:22:24,837 - POLYX: 2484.0
2025-01-07 10:22:24,837 - APT: 60.0
2025-01-07 10:22:24,837 - PLN: 18466.0
2025-01-07 10:22:24,837 - OSMO: 1288.0
2025-01-07 10:22:24,837 - HFT: 4300.0
2025-01-07 10:22:24,837 - HOOK: 1463.0
2025-01-07 10:22:24,837 - MAGIC: 1590.0
2025-01-07 10:22:24,837 - HIFI: 1142.0
2025-01-07 10:22:24,837 - RPL: 56.0
2025-01-07 10:22:24,837 - PROS: 814.0
2025-01-07 10:22:24,837 - RON: 18466.0
2025-01-07 10:22:24,837 - GNS: 317.0
2025-01-07 10:22:24,837 - SYN: 1085.0
2025-01-07 10:22:24,837 - LQTY: 610.0
2025-01-07 10:22:24,837 - AMB: 18446.0
2025-01-07 10:22:24,837 - USTC: 18446.0
2025-01-07 10:22:24,837 - PROM: 98.0
2025-01-07 10:22:24,837 - UFT: 2274.0
2025-01-07 10:22:24,837 - ID: 1401.0
2025-01-07 10:22:24,837 - ARB: 1033.0
2025-01-07 10:22:24,838 - RDNT: 12023.0
2025-01-07 10:22:24,838 - ARS: 18466.0
2025-01-07 10:22:24,838 - EDU: 1145.0
2025-01-07 10:22:24,838 - SUI: 256.0
2025-01-07 10:22:24,838 - AERGO: 5501.0
2025-01-07 10:22:24,838 - PEPE: 18446.0
2025-01-07 10:22:24,838 - FLOKI: 18446.0
2025-01-07 10:22:24,838 - WBETH: 1.0
2025-01-07 10:22:24,838 - AST: 6478.0
2025-01-07 10:22:24,838 - COMBO: 1399.0
2025-01-07 10:22:24,838 - MAV: 3698.0
2025-01-07 10:22:24,838 - PENDLE: 119.0
2025-01-07 10:22:24,838 - ARKM: 306.0
2025-01-07 10:22:24,838 - WLD: 289.0
2025-01-07 10:22:24,838 - FDUSD: 10000.0
2025-01-07 10:22:24,838 - SEI: 1417.0
2025-01-07 10:22:24,838 - CYBER: 181.0
2025-01-07 10:22:24,838 - ARK: 1118.0
2025-01-07 10:22:24,838 - CREAM: 37.0
2025-01-07 10:22:24,838 - GFT: 18446.0
2025-01-07 10:22:24,838 - IQ: 18446.0
2025-01-07 10:22:24,838 - NTRN: 1510.0
2025-01-07 10:22:24,838 - TIA: 115.0
2025-01-07 10:22:24,838 - MEME: 18446.0
2025-01-07 10:22:24,838 - ORDI: 15.0
2025-01-07 10:22:24,839 - BEAMX: 18446.0
2025-01-07 10:22:24,839 - VIC: 1622.0
2025-01-07 10:22:24,839 - BLUR: 2568.0
2025-01-07 10:22:24,839 - VANRY: 7804.0
2025-01-07 10:22:24,839 - AEUR: 458.0
2025-01-07 10:22:24,839 - JTO: 256.0
2025-01-07 10:22:24,839 - 1000SATS: 18446.0
2025-01-07 10:22:24,839 - BONK: 18446.0
2025-01-07 10:22:24,839 - ACE: 280.0
2025-01-07 10:22:24,839 - NFP: 2876.0
2025-01-07 10:22:24,839 - AI: 1561.0
2025-01-07 10:22:24,839 - XAI: 2827.0
2025-01-07 10:22:24,839 - MANTA: 831.0
2025-01-07 10:22:24,839 - ALT: 5745.0
2025-01-07 10:22:24,839 - JUP: 548.0
2025-01-07 10:22:24,839 - PYTH: 1494.0
2025-01-07 10:22:24,839 - RONIN: 393.0
2025-01-07 10:22:24,839 - DYM: 389.0
2025-01-07 10:22:24,839 - PIXEL: 3547.0
2025-01-07 10:22:24,840 - STRK: 1446.0
2025-01-07 10:22:24,840 - PORTAL: 2151.0
2025-01-07 10:22:24,840 - PDA: 13509.0
2025-01-07 10:22:24,840 - AXL: 756.0
2025-01-07 10:22:24,840 - WIF: 240.0
2025-01-07 10:22:24,840 - METIS: 13.0
2025-01-07 10:22:24,840 - JPY: 18466.0
2025-01-07 10:22:24,840 - AEVO: 1752.0
2025-01-07 10:22:24,840 - BOME: 18446.0
2025-01-07 10:22:24,840 - ETHFI: 394.0
2025-01-07 10:22:24,840 - ENA: 1463.0
2025-01-07 10:22:24,840 - W: 2462.0
2025-01-07 10:22:24,840 - TNSR: 1466.0
2025-01-07 10:22:24,840 - SAGA: 277.0
2025-01-07 10:22:24,840 - MXN: 18466.0
2025-01-07 10:22:24,840 - CZK: 18466.0
2025-01-07 10:22:24,840 - TAO: 1.0
2025-01-07 10:22:24,840 - OMNI: 70.0
2025-01-07 10:22:24,840 - REZ: 16240.0
2025-01-07 10:22:24,840 - BB: 1990.0
2025-01-07 10:22:24,840 - NOT: 18446.0
2025-01-07 10:22:24,840 - COP: 18466.0
2025-01-07 10:22:24,840 - IO: 329.0
2025-01-07 10:22:24,840 - ZK: 4224.0
2025-01-07 10:22:24,841 - LISTA: 1435.0
2025-01-07 10:22:24,841 - ZRO: 163.0
2025-01-07 10:22:24,841 - G: 18009.0
2025-01-07 10:22:24,841 - BANANA: 10.0
2025-01-07 10:22:24,841 - RENDER: 113.0
2025-01-07 10:22:24,841 - TON: 108.0
2025-01-07 10:22:24,841 - DOGS: 18446.0
2025-01-07 10:22:24,841 - EURI: 459.0
2025-01-07 10:22:24,841 - SLF: 1964.0
2025-01-07 10:22:24,841 - POL: 1661.0
2025-01-07 10:22:24,841 - NEIRO: 18446.0
2025-01-07 10:22:24,841 - TURBO: 18446.0
2025-01-07 10:22:24,841 - 1MBABYDOGE: 18446.0
2025-01-07 10:22:24,841 - CATI: 1716.0
2025-01-07 10:22:24,841 - HMSTR: 18446.0
2025-01-07 10:22:24,841 - EIGEN: 209.0
2025-01-07 10:22:24,841 - BNSOL: 3.0
2025-01-07 10:22:24,841 - SCR: 841.0
2025-01-07 10:22:24,841 - LUMIA: 500.0
2025-01-07 10:22:24,841 - KAIA: 4265.0
